Detecting compiler hash for triplet x64-linux...
The following packages will be built and installed:
  * egl-registry:x64-linux -> 2022-09-20
    fmt:x64-linux -> 10.1.1
    glad[core,loader]:x64-linux -> 0.1.36
    glfw3:x64-linux -> 3.3.8#3
    glm:x64-linux -> 0.9.9.8#2
  * opengl-registry:x64-linux -> 2022-09-29#1
  * vcpkg-cmake:x64-linux -> 2023-05-04
  * vcpkg-cmake-config:x64-linux -> 2022-02-06#1
Additional packages (*) will be modified to complete this operation.
Restored 8 package(s) from /home/chadthecoder/.cache/vcpkg/archives in 87.1 ms. Use --debug to see more details.
Installing 1/8 vcpkg-cmake-config:x64-linux...
Elapsed time to handle vcpkg-cmake-config:x64-linux: 423 us
Installing 2/8 vcpkg-cmake:x64-linux...
Elapsed time to handle vcpkg-cmake:x64-linux: 569 us
Installing 3/8 fmt:x64-linux...
Elapsed time to handle fmt:x64-linux: 901 us
Installing 4/8 egl-registry:x64-linux...
Elapsed time to handle egl-registry:x64-linux: 529 us
Installing 5/8 opengl-registry:x64-linux...
Elapsed time to handle opengl-registry:x64-linux: 1.1 ms
Installing 6/8 glad:x64-linux...
Elapsed time to handle glad:x64-linux: 617 us
Installing 7/8 glfw3:x64-linux...
Elapsed time to handle glfw3:x64-linux: 618 us
Installing 8/8 glm:x64-linux...
Elapsed time to handle glm:x64-linux: 10.6 ms
Total install time: 15.5 ms
The package fmt provides CMake targets:

    find_package(fmt CONFIG REQUIRED)
    target_link_libraries(main PRIVATE fmt::fmt)

    # Or use the header-only version
    find_package(fmt CONFIG REQUIRED)
    target_link_libraries(main PRIVATE fmt::fmt-header-only)

glad provides CMake targets:

  # this is heuristically generated, and may not be correct
  find_package(glad CONFIG REQUIRED)
  target_link_libraries(main PRIVATE glad::glad)

glfw3 provides CMake targets:

  # this is heuristically generated, and may not be correct
  find_package(glfw3 CONFIG REQUIRED)
  target_link_libraries(main PRIVATE glfw)

glm provides CMake targets:

  # this is heuristically generated, and may not be correct
  find_package(glm CONFIG REQUIRED)
  target_link_libraries(main PRIVATE glm::glm)

